<?xml version="1.0" encoding="UTF-8"?>
<!-- Generated by org.testng.reporters.JUnitReportReporter -->
<testsuite hostname="IN-5C9K1N3" failures="0" tests="8" name="tests.Test4_HomePage_MenuOptions" time="44.664" errors="0" timestamp="2023-05-02T21:46:41 IST" skipped="0">
  <testcase classname="tests.Test4_HomePage_MenuOptions" name="login" time="3.270"/>
  <system-out/>
  <testcase classname="tests.Test4_HomePage_MenuOptions" name="salePage" time="5.654"/>
  <system-out/>
  <testcase classname="tests.Test4_HomePage_MenuOptions" name="whatsNew" time="6.408"/>
  <system-out/>
  <testcase classname="tests.Test4_HomePage_MenuOptions" name="womenCategory" time="5.845"/>
  <system-out/>
  <testcase classname="tests.Test4_HomePage_MenuOptions" name="menCategory" time="8.421"/>
  <system-out/>
  <testcase classname="tests.Test4_HomePage_MenuOptions" name="gearCategory" time="5.572"/>
  <system-out/>
  <testcase classname="tests.Test4_HomePage_MenuOptions" name="training" time="5.432"/>
  <system-out/>
  <testcase classname="tests.Test4_HomePage_MenuOptions" name="verifySignOut" time="4.062"/>
  <system-out/>
</testsuite> <!-- tests.Test4_HomePage_MenuOptions -->
