<?xml version="1.0" encoding="UTF-8"?>
<!-- Generated by org.testng.reporters.JUnitReportReporter -->
<testsuite hostname="IN-5C9K1N3" failures="0" tests="8" name="tests.Test4_HomePage_MenuOptions" time="55.539" errors="0" timestamp="2023-05-02T18:03:39 IST" skipped="0">
  <testcase classname="tests.Test4_HomePage_MenuOptions" name="login" time="3.563"/>
  <system-out/>
  <testcase classname="tests.Test4_HomePage_MenuOptions" name="salePage" time="7.410"/>
  <system-out/>
  <testcase classname="tests.Test4_HomePage_MenuOptions" name="whatsNew" time="7.711"/>
  <system-out/>
  <testcase classname="tests.Test4_HomePage_MenuOptions" name="womenCategory" time="7.815"/>
  <system-out/>
  <testcase classname="tests.Test4_HomePage_MenuOptions" name="menCategory" time="10.065"/>
  <system-out/>
  <testcase classname="tests.Test4_HomePage_MenuOptions" name="gearCategory" time="7.438"/>
  <system-out/>
  <testcase classname="tests.Test4_HomePage_MenuOptions" name="training" time="7.467"/>
  <system-out/>
  <testcase classname="tests.Test4_HomePage_MenuOptions" name="verifySignOut" time="4.070"/>
  <system-out/>
</testsuite> <!-- tests.Test4_HomePage_MenuOptions -->
