<?xml version="1.0" encoding="UTF-8"?>
<!-- Generated by org.testng.reporters.JUnitReportReporter -->
<testsuite hostname="IN-5C9K1N3" failures="0" tests="4" name="tests.Test5_ProductSearch_ConfigFile" time="20.205" errors="0" timestamp="2023-05-02T17:00:29 IST" skipped="0">
  <testcase classname="tests.Test5_ProductSearch_ConfigFile" name="login" time="3.632"/>
  <system-out/>
  <testcase classname="tests.Test5_ProductSearch_ConfigFile" name="productSearch" time="11.746"/>
  <system-out/>
  <testcase classname="tests.Test5_ProductSearch_ConfigFile" name="verifySignOut" time="4.512"/>
  <system-out/>
  <testcase classname="tests.Test5_ProductSearch_ConfigFile" name="tearDown" time="0.315"/>
  <system-out/>
</testsuite> <!-- tests.Test5_ProductSearch_ConfigFile -->
