<?xml version="1.0" encoding="UTF-8"?>
<!-- Generated by org.testng.reporters.JUnitReportReporter -->
<testsuite hostname="IN-5C9K1N3" failures="0" tests="3" name="tests.Test2_Login_CredentialsConfigFile" time="7.486" errors="0" timestamp="2023-05-02T21:37:45 IST" skipped="0">
  <testcase classname="tests.Test2_Login_CredentialsConfigFile" name="login" time="2.797"/>
  <system-out/>
  <testcase classname="tests.Test2_Login_CredentialsConfigFile" name="verifySignOut" time="3.547"/>
  <system-out/>
  <testcase classname="tests.Test2_Login_CredentialsConfigFile" name="tearDown" time="1.142"/>
  <system-out/>
</testsuite> <!-- tests.Test2_Login_CredentialsConfigFile -->
