<?xml version="1.0" encoding="UTF-8"?>
<!-- Generated by org.testng.reporters.JUnitReportReporter -->
<testsuite hostname="IN-5C9K1N3" failures="0" tests="4" name="tests.Test6_ProductSearch" time="18.911" errors="0" timestamp="2023-05-01T13:26:36 IST" skipped="0">
  <testcase classname="tests.Test6_ProductSearch" name="login" time="2.801"/>
  <system-out/>
  <testcase classname="tests.Test6_ProductSearch" name="productSearch" time="11.475"/>
  <system-out/>
  <testcase classname="tests.Test6_ProductSearch" name="verifySignOut" time="4.452"/>
  <system-out/>
  <testcase classname="tests.Test6_ProductSearch" name="tearDown" time="0.183"/>
  <system-out/>
</testsuite> <!-- tests.Test6_ProductSearch -->
