<?xml version="1.0" encoding="UTF-8"?>
<!-- Generated by org.testng.reporters.JUnitReportReporter -->
<testsuite hostname="IN-5C9K1N3" failures="0" tests="5" name="tests.Test6_Login_ProductSearch_ConfigFile_Logout" time="33.444" errors="0" timestamp="2023-05-01T10:42:25 IST" skipped="0">
  <testcase classname="tests.Test6_Login_ProductSearch_ConfigFile_Logout" name="login" time="3.053"/>
  <system-out/>
  <testcase classname="tests.Test6_Login_ProductSearch_ConfigFile_Logout" name="womenTopSelect" time="13.074"/>
  <system-out/>
  <testcase classname="tests.Test6_Login_ProductSearch_ConfigFile_Logout" name="productSearch" time="13.693"/>
  <system-out/>
  <testcase classname="tests.Test6_Login_ProductSearch_ConfigFile_Logout" name="verifySignOut" time="3.387"/>
  <system-out/>
  <testcase classname="tests.Test6_Login_ProductSearch_ConfigFile_Logout" name="tearDown" time="0.237"/>
  <system-out/>
</testsuite> <!-- tests.Test6_Login_ProductSearch_ConfigFile_Logout -->
