<?xml version="1.0" encoding="UTF-8"?>
<!-- Generated by org.testng.reporters.JUnitReportReporter -->
<testsuite hostname="IN-5C9K1N3" failures="0" tests="3" name="tests.Test2_Login_CredentialsConfigFile" time="6.881" errors="0" timestamp="2023-05-02T22:36:26 IST" skipped="0">
  <testcase classname="tests.Test2_Login_CredentialsConfigFile" name="login" time="3.024"/>
  <system-out/>
  <testcase classname="tests.Test2_Login_CredentialsConfigFile" name="verifySignOut" time="3.490"/>
  <system-out/>
  <testcase classname="tests.Test2_Login_CredentialsConfigFile" name="tearDown" time="0.367"/>
  <system-out/>
</testsuite> <!-- tests.Test2_Login_CredentialsConfigFile -->
