<?xml version="1.0" encoding="UTF-8"?>
<!-- Generated by org.testng.reporters.JUnitReportReporter -->
<testsuite hostname="IN-5C9K1N3" failures="0" tests="2" name="tests.Test3_Login_DataProvider" time="6.951" errors="0" timestamp="2023-05-02T16:52:52 IST" skipped="0">
  <testcase classname="tests.Test3_Login_DataProvider" name="testLogin" time="3.297"/>
  <system-out/>
  <testcase classname="tests.Test3_Login_DataProvider" name="verifySignOut" time="3.654"/>
  <system-out/>
</testsuite> <!-- tests.Test3_Login_DataProvider -->
