<?xml version="1.0" encoding="UTF-8"?>
<!-- Generated by org.testng.reporters.JUnitReportReporter -->
<testsuite hostname="IN-5C9K1N3" failures="0" tests="6" name="tests.Test5_Login_ProductSelect_Logout" time="57.408" errors="0" timestamp="2023-05-01T10:42:25 IST" skipped="0">
  <testcase classname="tests.Test5_Login_ProductSelect_Logout" name="login" time="2.849"/>
  <system-out/>
  <testcase classname="tests.Test5_Login_ProductSelect_Logout" name="womenTopSelect" time="13.646"/>
  <system-out/>
  <testcase classname="tests.Test5_Login_ProductSelect_Logout" name="menBottomSelect" time="13.738"/>
  <system-out/>
  <testcase classname="tests.Test5_Login_ProductSelect_Logout" name="AddRemoveWishListItem" time="22.888"/>
  <system-out/>
  <testcase classname="tests.Test5_Login_ProductSelect_Logout" name="verifySignOut" time="4.102"/>
  <system-out/>
  <testcase classname="tests.Test5_Login_ProductSelect_Logout" name="tearDown" time="0.185"/>
  <system-out/>
</testsuite> <!-- tests.Test5_Login_ProductSelect_Logout -->
