<?xml version="1.0" encoding="UTF-8"?>
<!-- Generated by org.testng.reporters.JUnitReportReporter -->
<testsuite hostname="IN-5C9K1N3" failures="0" tests="3" name="tests.Test2_Login_CredentialsConfigFile" time="58.083" errors="0" timestamp="2023-05-02T17:52:21 IST" skipped="0">
  <testcase classname="tests.Test2_Login_CredentialsConfigFile" name="login" time="54.244"/>
  <system-out/>
  <testcase classname="tests.Test2_Login_CredentialsConfigFile" name="verifySignOut" time="3.587"/>
  <system-out/>
  <testcase classname="tests.Test2_Login_CredentialsConfigFile" name="tearDown" time="0.252"/>
  <system-out/>
</testsuite> <!-- tests.Test2_Login_CredentialsConfigFile -->
