<?xml version="1.0" encoding="UTF-8"?>
<!-- Generated by org.testng.reporters.JUnitReportReporter -->
<testsuite hostname="IN-5C9K1N3" failures="0" tests="8" name="tests.Test4_HomePage_MenuOptions" time="57.519" errors="0" timestamp="2023-05-01T15:49:13 IST" skipped="0">
  <testcase classname="tests.Test4_HomePage_MenuOptions" name="login" time="3.075"/>
  <system-out/>
  <testcase classname="tests.Test4_HomePage_MenuOptions" name="salePage" time="7.568"/>
  <system-out/>
  <testcase classname="tests.Test4_HomePage_MenuOptions" name="whatsNew" time="7.862"/>
  <system-out/>
  <testcase classname="tests.Test4_HomePage_MenuOptions" name="womenCategory" time="9.534"/>
  <system-out/>
  <testcase classname="tests.Test4_HomePage_MenuOptions" name="menCategory" time="9.757"/>
  <system-out/>
  <testcase classname="tests.Test4_HomePage_MenuOptions" name="gearCategory" time="7.686"/>
  <system-out/>
  <testcase classname="tests.Test4_HomePage_MenuOptions" name="training" time="7.664"/>
  <system-out/>
  <testcase classname="tests.Test4_HomePage_MenuOptions" name="verifySignOut" time="4.373"/>
  <system-out/>
</testsuite> <!-- tests.Test4_HomePage_MenuOptions -->
