<?xml version="1.0" encoding="UTF-8"?>
<!-- Generated by org.testng.reporters.JUnitReportReporter -->
<testsuite hostname="IN-5C9K1N3" failures="0" tests="2" name="tests.Test2_LoginTest" time="17.598" errors="0" timestamp="2023-04-28T19:18:48 IST" skipped="0">
  <testcase classname="tests.Test2_LoginTest" name="login" time="8.863"/>
  <system-out/>
  <testcase classname="tests.Test2_LoginTest" name="tearDown" time="8.735"/>
  <system-out/>
</testsuite> <!-- tests.Test2_LoginTest -->
