<?xml version="1.0" encoding="UTF-8"?>
<!-- Generated by org.testng.reporters.JUnitReportReporter -->
<testsuite hostname="IN-5C9K1N3" failures="0" tests="8" name="tests.Test4_HomePage_MenuOptions" time="54.741" errors="0" timestamp="2023-05-02T18:06:23 IST" skipped="0">
  <testcase classname="tests.Test4_HomePage_MenuOptions" name="login" time="3.282"/>
  <system-out/>
  <testcase classname="tests.Test4_HomePage_MenuOptions" name="salePage" time="6.149"/>
  <system-out/>
  <testcase classname="tests.Test4_HomePage_MenuOptions" name="whatsNew" time="7.578"/>
  <system-out/>
  <testcase classname="tests.Test4_HomePage_MenuOptions" name="womenCategory" time="7.573"/>
  <system-out/>
  <testcase classname="tests.Test4_HomePage_MenuOptions" name="menCategory" time="10.414"/>
  <system-out/>
  <testcase classname="tests.Test4_HomePage_MenuOptions" name="gearCategory" time="7.583"/>
  <system-out/>
  <testcase classname="tests.Test4_HomePage_MenuOptions" name="training" time="8.092"/>
  <system-out/>
  <testcase classname="tests.Test4_HomePage_MenuOptions" name="verifySignOut" time="4.070"/>
  <system-out/>
</testsuite> <!-- tests.Test4_HomePage_MenuOptions -->
