<?xml version="1.0" encoding="UTF-8"?>
<!-- Generated by org.testng.reporters.JUnitReportReporter -->
<testsuite hostname="IN-5C9K1N3" failures="0" tests="8" name="tests.Test4_HomePage_MenuOptions" time="44.517" errors="0" timestamp="2023-05-02T19:11:09 IST" skipped="0">
  <testcase classname="tests.Test4_HomePage_MenuOptions" name="login" time="3.145"/>
  <system-out/>
  <testcase classname="tests.Test4_HomePage_MenuOptions" name="salePage" time="5.686"/>
  <system-out/>
  <testcase classname="tests.Test4_HomePage_MenuOptions" name="whatsNew" time="6.104"/>
  <system-out/>
  <testcase classname="tests.Test4_HomePage_MenuOptions" name="womenCategory" time="5.929"/>
  <system-out/>
  <testcase classname="tests.Test4_HomePage_MenuOptions" name="menCategory" time="7.980"/>
  <system-out/>
  <testcase classname="tests.Test4_HomePage_MenuOptions" name="gearCategory" time="5.692"/>
  <system-out/>
  <testcase classname="tests.Test4_HomePage_MenuOptions" name="training" time="6.007"/>
  <system-out/>
  <testcase classname="tests.Test4_HomePage_MenuOptions" name="verifySignOut" time="3.974"/>
  <system-out/>
</testsuite> <!-- tests.Test4_HomePage_MenuOptions -->
