<?xml version="1.0" encoding="UTF-8"?>
<!-- Generated by org.testng.reporters.JUnitReportReporter -->
<testsuite hostname="IN-5C9K1N3" failures="0" tests="3" name="tests.Test2_Login_CredentialsConfigFile" time="7.057" errors="0" timestamp="2023-05-02T17:00:29 IST" skipped="0">
  <testcase classname="tests.Test2_Login_CredentialsConfigFile" name="login" time="3.312"/>
  <system-out/>
  <testcase classname="tests.Test2_Login_CredentialsConfigFile" name="verifySignOut" time="3.552"/>
  <system-out/>
  <testcase classname="tests.Test2_Login_CredentialsConfigFile" name="tearDown" time="0.193"/>
  <system-out/>
</testsuite> <!-- tests.Test2_Login_CredentialsConfigFile -->
