<?xml version="1.0" encoding="UTF-8"?>
<!-- Generated by org.testng.reporters.JUnitReportReporter -->
<testsuite hostname="IN-5C9K1N3" failures="0" tests="4" name="tests.Test5_ProductSearch_ConfigFile" time="11.825" errors="0" timestamp="2023-05-02T21:46:41 IST" skipped="0">
  <testcase classname="tests.Test5_ProductSearch_ConfigFile" name="login" time="2.896"/>
  <system-out/>
  <testcase classname="tests.Test5_ProductSearch_ConfigFile" name="productSearch" time="5.293"/>
  <system-out/>
  <testcase classname="tests.Test5_ProductSearch_ConfigFile" name="verifySignOut" time="3.381"/>
  <system-out/>
  <testcase classname="tests.Test5_ProductSearch_ConfigFile" name="tearDown" time="0.255"/>
  <system-out/>
</testsuite> <!-- tests.Test5_ProductSearch_ConfigFile -->
