<?xml version="1.0" encoding="UTF-8"?>
<!-- Generated by org.testng.reporters.JUnitReportReporter -->
<testsuite hostname="IN-5C9K1N3" failures="0" tests="2" name="tests.Test4_SalePage" time="32.246" errors="0" timestamp="2023-04-28T16:17:10 IST" skipped="0">
  <testcase classname="tests.Test4_SalePage" name="salePage" time="12.281"/>
  <system-out/>
  <testcase classname="tests.Test4_SalePage" name="login" time="19.965"/>
  <system-out/>
</testsuite> <!-- tests.Test4_SalePage -->
