<?xml version="1.0" encoding="UTF-8"?>
<!-- Generated by org.testng.reporters.JUnitReportReporter -->
<testsuite hostname="IN-5C9K1N3" failures="0" tests="6" name="tests.Test6_Login_ProductSelect_Logout" time="63.264" errors="0" timestamp="2023-05-02T08:16:36 IST" skipped="0">
  <testcase classname="tests.Test6_Login_ProductSelect_Logout" name="login" time="3.147"/>
  <system-out/>
  <testcase classname="tests.Test6_Login_ProductSelect_Logout" name="womenTopSelect" time="14.572"/>
  <system-out/>
  <testcase classname="tests.Test6_Login_ProductSelect_Logout" name="menBottomSelect" time="16.140"/>
  <system-out/>
  <testcase classname="tests.Test6_Login_ProductSelect_Logout" name="AddRemoveWishListItem" time="24.741"/>
  <system-out/>
  <testcase classname="tests.Test6_Login_ProductSelect_Logout" name="verifySignOut" time="4.258"/>
  <system-out/>
  <testcase classname="tests.Test6_Login_ProductSelect_Logout" name="tearDown" time="0.406"/>
  <system-out/>
</testsuite> <!-- tests.Test6_Login_ProductSelect_Logout -->
