<?xml version="1.0" encoding="UTF-8"?>
<!-- Generated by org.testng.reporters.JUnitReportReporter -->
<testsuite hostname="IN-5C9K1N3" failures="0" tests="2" name="tests.Test3_Login_DataProvider" time="9.098" errors="0" timestamp="2023-05-02T17:30:14 IST" skipped="0">
  <testcase classname="tests.Test3_Login_DataProvider" name="testLogin" time="5.311"/>
  <system-out/>
  <testcase classname="tests.Test3_Login_DataProvider" name="verifySignOut" time="3.787"/>
  <system-out/>
</testsuite> <!-- tests.Test3_Login_DataProvider -->
