<?xml version="1.0" encoding="UTF-8"?>
<!-- Generated by org.testng.reporters.JUnitReportReporter -->
<testsuite hostname="IN-5C9K1N3" failures="0" tests="6" name="tests.Test5_Login_WomenProductSelect_Logout" time="57.337" errors="0" timestamp="2023-04-30T02:16:21 IST" skipped="0">
  <testcase classname="tests.Test5_Login_WomenProductSelect_Logout" name="login" time="2.922"/>
  <system-out/>
  <testcase classname="tests.Test5_Login_WomenProductSelect_Logout" name="womenTopSelect" time="13.803"/>
  <system-out/>
  <testcase classname="tests.Test5_Login_WomenProductSelect_Logout" name="menBottomSelect" time="16.163"/>
  <system-out/>
  <testcase classname="tests.Test5_Login_WomenProductSelect_Logout" name="AddRemoveWishListItem" time="20.813"/>
  <system-out/>
  <testcase classname="tests.Test5_Login_WomenProductSelect_Logout" name="verifySignOut" time="3.385"/>
  <system-out/>
  <testcase classname="tests.Test5_Login_WomenProductSelect_Logout" name="tearDown" time="0.251"/>
  <system-out/>
</testsuite> <!-- tests.Test5_Login_WomenProductSelect_Logout -->
