<?xml version="1.0" encoding="UTF-8"?>
<!-- Generated by org.testng.reporters.JUnitReportReporter -->
<testsuite hostname="IN-5C9K1N3" failures="0" tests="6" name="tests.Test6_Login_ProductSelect_Logout" time="59.523" errors="0" timestamp="2023-05-01T22:02:26 IST" skipped="0">
  <testcase classname="tests.Test6_Login_ProductSelect_Logout" name="login" time="3.684"/>
  <system-out/>
  <testcase classname="tests.Test6_Login_ProductSelect_Logout" name="womenTopSelect" time="14.243"/>
  <system-out/>
  <testcase classname="tests.Test6_Login_ProductSelect_Logout" name="menBottomSelect" time="13.545"/>
  <system-out/>
  <testcase classname="tests.Test6_Login_ProductSelect_Logout" name="AddRemoveWishListItem" time="23.654"/>
  <system-out/>
  <testcase classname="tests.Test6_Login_ProductSelect_Logout" name="verifySignOut" time="4.168"/>
  <system-out/>
  <testcase classname="tests.Test6_Login_ProductSelect_Logout" name="tearDown" time="0.229"/>
  <system-out/>
</testsuite> <!-- tests.Test6_Login_ProductSelect_Logout -->
