<?xml version="1.0" encoding="UTF-8"?>
<!-- Generated by org.testng.reporters.JUnitReportReporter -->
<testsuite hostname="IN-F76XTN3" failures="0" tests="1" name="tests.PracticeTest" time="17.107" errors="0" timestamp="2023-04-13T00:24:08 IST" skipped="0">
  <testcase classname="tests.PracticeTest" name="testNoSuchElementException" time="17.107"/>
  <system-out/>
</testsuite> <!-- tests.PracticeTest -->
