<?xml version="1.0" encoding="UTF-8"?>
<!-- Generated by org.testng.reporters.JUnitReportReporter -->
<testsuite hostname="IN-5C9K1N3" failures="0" tests="6" name="tests.Test6_Login_ProductSelect_Logout" time="67.220" errors="0" timestamp="2023-05-02T17:00:29 IST" skipped="0">
  <testcase classname="tests.Test6_Login_ProductSelect_Logout" name="login" time="3.994"/>
  <system-out/>
  <testcase classname="tests.Test6_Login_ProductSelect_Logout" name="womenTopSelect" time="16.689"/>
  <system-out/>
  <testcase classname="tests.Test6_Login_ProductSelect_Logout" name="menBottomSelect" time="16.604"/>
  <system-out/>
  <testcase classname="tests.Test6_Login_ProductSelect_Logout" name="AddRemoveWishListItem" time="25.241"/>
  <system-out/>
  <testcase classname="tests.Test6_Login_ProductSelect_Logout" name="verifySignOut" time="4.348"/>
  <system-out/>
  <testcase classname="tests.Test6_Login_ProductSelect_Logout" name="tearDown" time="0.344"/>
  <system-out/>
</testsuite> <!-- tests.Test6_Login_ProductSelect_Logout -->
