<?xml version="1.0" encoding="UTF-8"?>
<!-- Generated by org.testng.reporters.JUnitReportReporter -->
<testsuite hostname="IN-5C9K1N3" failures="0" tests="4" name="tests.Test5_ProductSearch" time="20.020" errors="0" timestamp="2023-05-01T15:11:29 IST" skipped="0">
  <testcase classname="tests.Test5_ProductSearch" name="login" time="3.323"/>
  <system-out/>
  <testcase classname="tests.Test5_ProductSearch" name="productSearch" time="12.080"/>
  <system-out/>
  <testcase classname="tests.Test5_ProductSearch" name="verifySignOut" time="4.239"/>
  <system-out/>
  <testcase classname="tests.Test5_ProductSearch" name="tearDown" time="0.378"/>
  <system-out/>
</testsuite> <!-- tests.Test5_ProductSearch -->
