<?xml version="1.0" encoding="UTF-8"?>
<!-- Generated by org.testng.reporters.JUnitReportReporter -->
<testsuite hostname="IN-5C9K1N3" failures="0" tests="2" name="tests.Test5_WhatsNewPage" time="47.875" errors="0" timestamp="2023-04-28T16:17:10 IST" skipped="0">
  <testcase classname="tests.Test5_WhatsNewPage" name="whatsNew" time="26.181"/>
  <system-out/>
  <testcase classname="tests.Test5_WhatsNewPage" name="login" time="21.694"/>
  <system-out/>
</testsuite> <!-- tests.Test5_WhatsNewPage -->
